<?xml version="1.0" encoding="UTF-8"?>
<!-- Generated by org.testng.reporters.JUnitXMLReporter -->
<testsuite ignored="0" hostname="LAPTOP-8IJGVCHM" failures="0" tests="3" name="Default test" time="43.625" errors="0" timestamp="2025-08-30T05:45:00 CEST">
  <testcase classname="com.test.MultiTest2BCAC" name="SelectDropDown" time="2.626"/>
  <testcase classname="com.test.MultiTest2BCAC" name="AdvanceDropDown" time="10.58"/>
  <testcase classname="com.test.MultiTest2BCAC" name="AdvanceDropDown2" time="14.268"/>
</testsuite> <!-- Default test -->
