<?xml version="1.0" encoding="UTF-8"?>
<!-- Generated by org.testng.reporters.JUnitXMLReporter -->
<testsuite ignored="0" hostname="LAPTOP-8IJGVCHM" failures="0" tests="3" name="Test" time="54.27" errors="0" timestamp="2025-08-24T06:57:02 CEST">
  <testcase classname="com.test.MultiTest" name="SelectDropDown" time="3.313"/>
  <testcase classname="com.test.MultiTest2BCAC" name="SelectDropDown" time="2.894"/>
  <testcase classname="com.test.MultiTest2BCAC" name="AdvanceDropDown" time="7.42"/>
</testsuite> <!-- Test -->
